  [4;36;1mSQL (0.4ms)[0m   [0;1m SELECT name
 FROM sqlite_master
 WHERE type = 'table' AND NOT name = 'sqlite_sequence'
[0m
  [4;35;1mSQL (0.1ms)[0m   [0mselect sqlite_version(*)[0m
  [4;36;1mSQL (13.3ms)[0m   [0;1mCREATE TABLE "schema_migrations" ("version" varchar(255) NOT NULL) [0m
  [4;35;1mSQL (2.7ms)[0m   [0mCREATE UNIQUE INDEX "unique_schema_migrations" ON "schema_migrations" ("version")[0m
  [4;36;1mSQL (0.3ms)[0m   [0;1m SELECT name
 FROM sqlite_master
 WHERE type = 'table' AND NOT name = 'sqlite_sequence'
[0m
  [4;35;1mSQL (0.2ms)[0m   [0mSELECT version FROM schema_migrations[0m
Migrating to CreateUsers (20090315040906)
  [4;36;1mSQL (0.3ms)[0m   [0;1m SELECT name
 FROM sqlite_master
 WHERE type = 'table' AND NOT name = 'sqlite_sequence'
[0m
  [4;35;1mSQL (2.6ms)[0m   [0mCREATE TABLE "users" ("id" INTEGER PRIMARY KEY AUTOINCREMENT NOT NULL, "login" varchar(40), "name" varchar(100) DEFAULT '', "email" varchar(100), "crypted_password" varchar(40), "salt" varchar(40), "created_at" datetime, "updated_at" datetime, "remember_token" varchar(40), "remember_token_expires_at" datetime, "activation_code" varchar(40), "activated_at" datetime, "state" varchar(255) DEFAULT 'passive', "deleted_at" datetime) [0m
  [4;36;1mSQL (2.6ms)[0m   [0;1mCREATE UNIQUE INDEX "index_users_on_login" ON "users" ("login")[0m
  [4;35;1mSQL (2.9ms)[0m   [0mINSERT INTO schema_migrations (version) VALUES ('20090315040906')[0m
Migrating to CreateRoles (20090315040910)
  [4;36;1mSQL (3.1ms)[0m   [0;1mCREATE TABLE "roles" ("id" INTEGER PRIMARY KEY AUTOINCREMENT NOT NULL, "name" varchar(255)) [0m
  [4;35;1mSQL (3.0ms)[0m   [0mCREATE TABLE "roles_users" ("role_id" integer, "user_id" integer) [0m
  [4;36;1mSQL (3.2ms)[0m   [0;1mCREATE INDEX "index_roles_users_on_role_id" ON "roles_users" ("role_id")[0m
  [4;35;1mSQL (3.4ms)[0m   [0mCREATE INDEX "index_roles_users_on_user_id" ON "roles_users" ("user_id")[0m
  [4;36;1mSQL (2.6ms)[0m   [0;1mINSERT INTO schema_migrations (version) VALUES ('20090315040910')[0m
Migrating to CreateSessions (20090315040917)
  [4;35;1mSQL (3.2ms)[0m   [0mCREATE TABLE "sessions" ("id" INTEGER PRIMARY KEY AUTOINCREMENT NOT NULL, "session_id" varchar(255) NOT NULL, "data" text, "created_at" datetime, "updated_at" datetime) [0m
  [4;36;1mSQL (3.7ms)[0m   [0;1mCREATE INDEX "index_sessions_on_session_id" ON "sessions" ("session_id")[0m
  [4;35;1mSQL (3.5ms)[0m   [0mCREATE INDEX "index_sessions_on_updated_at" ON "sessions" ("updated_at")[0m
  [4;36;1mSQL (2.7ms)[0m   [0;1mINSERT INTO schema_migrations (version) VALUES ('20090315040917')[0m
Migrating to AddActsAsTaggableTables (20090315040921)
  [4;35;1mSQL (4.0ms)[0m   [0mCREATE TABLE "tags" ("id" INTEGER PRIMARY KEY AUTOINCREMENT NOT NULL, "name" varchar(255), "taggings_count" integer DEFAULT 0 NOT NULL) [0m
  [4;36;1mSQL (3.5ms)[0m   [0;1mCREATE INDEX "index_tags_on_name" ON "tags" ("name")[0m
  [4;35;1mSQL (3.3ms)[0m   [0mCREATE INDEX "index_tags_on_taggings_count" ON "tags" ("taggings_count")[0m
  [4;36;1mSQL (3.1ms)[0m   [0;1mCREATE TABLE "taggings" ("id" INTEGER PRIMARY KEY AUTOINCREMENT NOT NULL, "tag_id" integer, "taggable_id" integer, "taggable_type" varchar(255), "user_id" integer) [0m
  [4;35;1mSQL (3.1ms)[0m   [0mCREATE INDEX "index_taggings_on_tag_id_and_taggable_type" ON "taggings" ("tag_id", "taggable_type")[0m
  [4;36;1mSQL (3.7ms)[0m   [0;1mCREATE INDEX "index_taggings_on_user_id_and_tag_id_and_taggable_type" ON "taggings" ("user_id", "tag_id", "taggable_type")[0m
  [4;35;1mSQL (3.6ms)[0m   [0mCREATE INDEX "index_taggings_on_taggable_id_and_taggable_type" ON "taggings" ("taggable_id", "taggable_type")[0m
  [4;36;1mSQL (3.5ms)[0m   [0;1mCREATE INDEX "index_taggings_on_user_id_and_taggable_id_and_taggable_type" ON "taggings" ("user_id", "taggable_id", "taggable_type")[0m
  [4;35;1mSQL (2.6ms)[0m   [0mINSERT INTO schema_migrations (version) VALUES ('20090315040921')[0m
Migrating to AddOpenIdAuthenticationTables (20090315040925)
  [4;36;1mSQL (0.5ms)[0m   [0;1m SELECT name
 FROM sqlite_master
 WHERE type = 'table' AND NOT name = 'sqlite_sequence'
[0m
  [4;35;1mSQL (3.6ms)[0m   [0mCREATE TABLE "open_id_authentication_associations" ("id" INTEGER PRIMARY KEY AUTOINCREMENT NOT NULL, "issued" integer, "lifetime" integer, "handle" varchar(255), "assoc_type" varchar(255), "server_url" blob, "secret" blob) [0m
  [4;36;1mSQL (0.6ms)[0m   [0;1m SELECT name
 FROM sqlite_master
 WHERE type = 'table' AND NOT name = 'sqlite_sequence'
[0m
  [4;35;1mSQL (3.1ms)[0m   [0mCREATE TABLE "open_id_authentication_nonces" ("id" INTEGER PRIMARY KEY AUTOINCREMENT NOT NULL, "timestamp" integer NOT NULL, "server_url" varchar(255), "salt" varchar(255) NOT NULL) [0m
  [4;36;1mSQL (2.6ms)[0m   [0;1mINSERT INTO schema_migrations (version) VALUES ('20090315040925')[0m
  [4;35;1mSQL (0.4ms)[0m   [0m SELECT name
 FROM sqlite_master
 WHERE type = 'table' AND NOT name = 'sqlite_sequence'
[0m
  [4;36;1mSQL (0.2ms)[0m   [0;1mSELECT version FROM schema_migrations[0m
  [4;35;1mSQL (0.4ms)[0m   [0m SELECT name
 FROM sqlite_master
 WHERE type = 'table' AND NOT name = 'sqlite_sequence'
[0m
  [4;36;1mSQL (0.0ms)[0m   [0;1mPRAGMA index_list("open_id_authentication_associations")[0m
  [4;35;1mSQL (0.0ms)[0m   [0mPRAGMA index_list("open_id_authentication_nonces")[0m
  [4;36;1mSQL (0.0ms)[0m   [0;1mPRAGMA index_list("roles")[0m
  [4;35;1mSQL (0.1ms)[0m   [0mPRAGMA index_list("roles_users")[0m
  [4;36;1mSQL (0.1ms)[0m   [0;1mPRAGMA index_info('index_roles_users_on_user_id')[0m
  [4;35;1mSQL (0.1ms)[0m   [0mPRAGMA index_info('index_roles_users_on_role_id')[0m
  [4;36;1mSQL (0.1ms)[0m   [0;1mPRAGMA index_list("sessions")[0m
  [4;35;1mSQL (0.1ms)[0m   [0mPRAGMA index_info('index_sessions_on_updated_at')[0m
  [4;36;1mSQL (0.1ms)[0m   [0;1mPRAGMA index_info('index_sessions_on_session_id')[0m
  [4;35;1mSQL (0.2ms)[0m   [0mPRAGMA index_list("taggings")[0m
  [4;36;1mSQL (0.2ms)[0m   [0;1mPRAGMA index_info('index_taggings_on_user_id_and_taggable_id_and_taggable_type')[0m
  [4;35;1mSQL (0.1ms)[0m   [0mPRAGMA index_info('index_taggings_on_taggable_id_and_taggable_type')[0m
  [4;36;1mSQL (0.2ms)[0m   [0;1mPRAGMA index_info('index_taggings_on_user_id_and_tag_id_and_taggable_type')[0m
  [4;35;1mSQL (0.1ms)[0m   [0mPRAGMA index_info('index_taggings_on_tag_id_and_taggable_type')[0m
  [4;36;1mSQL (0.1ms)[0m   [0;1mPRAGMA index_list("tags")[0m
  [4;35;1mSQL (0.1ms)[0m   [0mPRAGMA index_info('index_tags_on_taggings_count')[0m
  [4;36;1mSQL (0.1ms)[0m   [0;1mPRAGMA index_info('index_tags_on_name')[0m
  [4;35;1mSQL (0.1ms)[0m   [0mPRAGMA index_list("users")[0m
  [4;36;1mSQL (0.1ms)[0m   [0;1mPRAGMA index_info('index_users_on_login')[0m
  [4;36;1mSQL (1.3ms)[0m   [0;1m SELECT name
 FROM sqlite_master
 WHERE type = 'table' AND NOT name = 'sqlite_sequence'
[0m
  [4;35;1mSQL (0.3ms)[0m   [0mSELECT version FROM schema_migrations[0m
Migrating to CreateUsers (20090315040906)
Migrating to CreateRoles (20090315040910)
Migrating to CreateSessions (20090315040917)
Migrating to AddActsAsTaggableTables (20090315040921)
Migrating to AddOpenIdAuthenticationTables (20090315040925)
Migrating to CreateAdminCmsPages (20090315042403)
  [4;36;1mSQL (0.1ms)[0m   [0;1mselect sqlite_version(*)[0m
  [4;35;1mSQL (5.7ms)[0m   [0mCREATE TABLE "admin_cms_pages" ("id" INTEGER PRIMARY KEY AUTOINCREMENT NOT NULL, "name" varchar(255), "title" varchar(255), "sub_title" varchar(255), "body" text, "meta_keyword" text, "meta_description" text, "position" integer, "parent_id" integer, "created_at" datetime, "updated_at" datetime) [0m
  [4;36;1mSQL (3.2ms)[0m   [0;1mINSERT INTO schema_migrations (version) VALUES ('20090315042403')[0m
Migrating to CreateAdminConfigValues (20090315042411)
  [4;35;1mSQL (2.9ms)[0m   [0mCREATE TABLE "admin_config_values" ("id" INTEGER PRIMARY KEY AUTOINCREMENT NOT NULL, "name" varchar(255), "value" varchar(255), "sys_var" boolean, "created_at" datetime, "updated_at" datetime) [0m
  [4;36;1mSQL (3.1ms)[0m   [0;1mINSERT INTO schema_migrations (version) VALUES ('20090315042411')[0m
  [4;35;1mSQL (0.5ms)[0m   [0m SELECT name
 FROM sqlite_master
 WHERE type = 'table' AND NOT name = 'sqlite_sequence'
[0m
  [4;36;1mSQL (0.3ms)[0m   [0;1mSELECT version FROM schema_migrations[0m
  [4;35;1mSQL (0.4ms)[0m   [0m SELECT name
 FROM sqlite_master
 WHERE type = 'table' AND NOT name = 'sqlite_sequence'
[0m
  [4;36;1mSQL (0.0ms)[0m   [0;1mPRAGMA index_list("admin_cms_pages")[0m
  [4;35;1mSQL (0.0ms)[0m   [0mPRAGMA index_list("admin_config_values")[0m
  [4;36;1mSQL (0.1ms)[0m   [0;1mPRAGMA index_list("open_id_authentication_associations")[0m
  [4;35;1mSQL (0.1ms)[0m   [0mPRAGMA index_list("open_id_authentication_nonces")[0m
  [4;36;1mSQL (0.0ms)[0m   [0;1mPRAGMA index_list("roles")[0m
  [4;35;1mSQL (0.2ms)[0m   [0mPRAGMA index_list("roles_users")[0m
  [4;36;1mSQL (0.1ms)[0m   [0;1mPRAGMA index_info('index_roles_users_on_user_id')[0m
  [4;35;1mSQL (0.1ms)[0m   [0mPRAGMA index_info('index_roles_users_on_role_id')[0m
  [4;36;1mSQL (0.1ms)[0m   [0;1mPRAGMA index_list("sessions")[0m
  [4;35;1mSQL (0.1ms)[0m   [0mPRAGMA index_info('index_sessions_on_updated_at')[0m
  [4;36;1mSQL (0.1ms)[0m   [0;1mPRAGMA index_info('index_sessions_on_session_id')[0m
  [4;35;1mSQL (0.2ms)[0m   [0mPRAGMA index_list("taggings")[0m
  [4;36;1mSQL (0.2ms)[0m   [0;1mPRAGMA index_info('index_taggings_on_user_id_and_taggable_id_and_taggable_type')[0m
  [4;35;1mSQL (0.1ms)[0m   [0mPRAGMA index_info('index_taggings_on_taggable_id_and_taggable_type')[0m
  [4;36;1mSQL (0.2ms)[0m   [0;1mPRAGMA index_info('index_taggings_on_user_id_and_tag_id_and_taggable_type')[0m
  [4;35;1mSQL (0.1ms)[0m   [0mPRAGMA index_info('index_taggings_on_tag_id_and_taggable_type')[0m
  [4;36;1mSQL (0.1ms)[0m   [0;1mPRAGMA index_list("tags")[0m
  [4;35;1mSQL (0.1ms)[0m   [0mPRAGMA index_info('index_tags_on_taggings_count')[0m
  [4;36;1mSQL (0.1ms)[0m   [0;1mPRAGMA index_info('index_tags_on_name')[0m
  [4;35;1mSQL (0.1ms)[0m   [0mPRAGMA index_list("users")[0m
  [4;36;1mSQL (0.1ms)[0m   [0;1mPRAGMA index_info('index_users_on_login')[0m
